Determining if the pthread_create exist failed with the following output:
Change Dir: /home/jacob/Documents/kraken/bin/CMakeFiles/CMakeTmp

Run Build Command:"/usr/bin/make" "cmTC_0fa31/fast"
/usr/bin/make -f CMakeFiles/cmTC_0fa31.dir/build.make CMakeFiles/cmTC_0fa31.dir/build
make[1]: Entering directory '/home/jacob/Documents/kraken/bin/CMakeFiles/CMakeTmp'
Building C object CMakeFiles/cmTC_0fa31.dir/CheckSymbolExists.c.o
/usr/bin/cc    -o CMakeFiles/cmTC_0fa31.dir/CheckSymbolExists.c.o   -c /home/jacob/Documents/kraken/bin/CMakeFiles/CMakeTmp/CheckSymbolExists.c
Linking C executable cmTC_0fa31
/usr/bin/cmake -E cmake_link_script CMakeFiles/cmTC_0fa31.dir/link.txt --verbose=1
/usr/bin/cc      -rdynamic CMakeFiles/cmTC_0fa31.dir/CheckSymbolExists.c.o  -o cmTC_0fa31 
CMakeFiles/cmTC_0fa31.dir/CheckSymbolExists.c.o: In function `main':
CheckSymbolExists.c:(.text+0x1b): undefined reference to `pthread_create'
collect2: error: ld returned 1 exit status
CMakeFiles/cmTC_0fa31.dir/build.make:97: recipe for target 'cmTC_0fa31' failed
make[1]: *** [cmTC_0fa31] Error 1
make[1]: Leaving directory '/home/jacob/Documents/kraken/bin/CMakeFiles/CMakeTmp'
Makefile:126: recipe for target 'cmTC_0fa31/fast' failed
make: *** [cmTC_0fa31/fast] Error 2

File /home/jacob/Documents/kraken/bin/CMakeFiles/CMakeTmp/CheckSymbolExists.c:
/* */
#include <pthread.h>

int main(int argc, char** argv)
{
  (void)argv;
#ifndef pthread_create
  return ((int*)(&pthread_create))[argc];
#else
  (void)argc;
  return 0;
#endif
}

Determining if the function pthread_create exists in the pthreads failed with the following output:
Change Dir: /home/jacob/Documents/kraken/bin/CMakeFiles/CMakeTmp

Run Build Command:"/usr/bin/make" "cmTC_430ad/fast"
/usr/bin/make -f CMakeFiles/cmTC_430ad.dir/build.make CMakeFiles/cmTC_430ad.dir/build
make[1]: Entering directory '/home/jacob/Documents/kraken/bin/CMakeFiles/CMakeTmp'
Building C object CMakeFiles/cmTC_430ad.dir/CheckFunctionExists.c.o
/usr/bin/cc   -DCHECK_FUNCTION_EXISTS=pthread_create   -o CMakeFiles/cmTC_430ad.dir/CheckFunctionExists.c.o   -c /usr/share/cmake-3.9/Modules/CheckFunctionExists.c
Linking C executable cmTC_430ad
/usr/bin/cmake -E cmake_link_script CMakeFiles/cmTC_430ad.dir/link.txt --verbose=1
/usr/bin/cc  -DCHECK_FUNCTION_EXISTS=pthread_create    -rdynamic CMakeFiles/cmTC_430ad.dir/CheckFunctionExists.c.o  -o cmTC_430ad -lpthreads 
/usr/bin/ld: cannot find -lpthreads
collect2: error: ld returned 1 exit status
CMakeFiles/cmTC_430ad.dir/build.make:97: recipe for target 'cmTC_430ad' failed
make[1]: *** [cmTC_430ad] Error 1
make[1]: Leaving directory '/home/jacob/Documents/kraken/bin/CMakeFiles/CMakeTmp'
Makefile:126: recipe for target 'cmTC_430ad/fast' failed
make: *** [cmTC_430ad/fast] Error 2


Determining if the include file pthread.h exists failed with the following output:
Change Dir: C:/Users/jake/Desktop/kraken/bin/CMakeFiles/CMakeTmp

Run Build Command:"C:/MinGW/bin/mingw32-make.exe" "cmTC_4d329/fast"
C:/MinGW/bin/mingw32-make.exe -f CMakeFiles\cmTC_4d329.dir\build.make CMakeFiles/cmTC_4d329.dir/build
mingw32-make.exe[1]: Entering directory 'C:/Users/jake/Desktop/kraken/bin/CMakeFiles/CMakeTmp'
Building C object CMakeFiles/cmTC_4d329.dir/CheckIncludeFile.c.obj
C:\MinGW\bin\gcc.exe    -o CMakeFiles\cmTC_4d329.dir\CheckIncludeFile.c.obj   -c C:\Users\jake\Desktop\kraken\bin\CMakeFiles\CMakeTmp\CheckIncludeFile.c
C:\Users\jake\Desktop\kraken\bin\CMakeFiles\CMakeTmp\CheckIncludeFile.c:1:21: fatal error: pthread.h: No such file or directory
 #include <pthread.h>
                     ^
compilation terminated.
CMakeFiles\cmTC_4d329.dir\build.make:64: recipe for target 'CMakeFiles/cmTC_4d329.dir/CheckIncludeFile.c.obj' failed
mingw32-make.exe[1]: *** [CMakeFiles/cmTC_4d329.dir/CheckIncludeFile.c.obj] Error 1
mingw32-make.exe[1]: Leaving directory 'C:/Users/jake/Desktop/kraken/bin/CMakeFiles/CMakeTmp'
Makefile:125: recipe for target 'cmTC_4d329/fast' failed
mingw32-make.exe: *** [cmTC_4d329/fast] Error 2


Determining if the pthread_create exist failed with the following output:
Change Dir: /home/jacob/Documents/kraken/bin/CMakeFiles/CMakeTmp

Run Build Command:"/usr/bin/make" "cmTC_af63c/fast"
/usr/bin/make -f CMakeFiles/cmTC_af63c.dir/build.make CMakeFiles/cmTC_af63c.dir/build
make[1]: Entering directory '/home/jacob/Documents/kraken/bin/CMakeFiles/CMakeTmp'
Building C object CMakeFiles/cmTC_af63c.dir/CheckSymbolExists.c.o
/usr/bin/cc    -o CMakeFiles/cmTC_af63c.dir/CheckSymbolExists.c.o   -c /home/jacob/Documents/kraken/bin/CMakeFiles/CMakeTmp/CheckSymbolExists.c
Linking C executable cmTC_af63c
/usr/bin/cmake -E cmake_link_script CMakeFiles/cmTC_af63c.dir/link.txt --verbose=1
/usr/bin/cc      -rdynamic CMakeFiles/cmTC_af63c.dir/CheckSymbolExists.c.o  -o cmTC_af63c 
CMakeFiles/cmTC_af63c.dir/CheckSymbolExists.c.o: In function `main':
CheckSymbolExists.c:(.text+0x1b): undefined reference to `pthread_create'
collect2: error: ld returned 1 exit status
CMakeFiles/cmTC_af63c.dir/build.make:97: recipe for target 'cmTC_af63c' failed
make[1]: *** [cmTC_af63c] Error 1
make[1]: Leaving directory '/home/jacob/Documents/kraken/bin/CMakeFiles/CMakeTmp'
Makefile:126: recipe for target 'cmTC_af63c/fast' failed
make: *** [cmTC_af63c/fast] Error 2

File /home/jacob/Documents/kraken/bin/CMakeFiles/CMakeTmp/CheckSymbolExists.c:
/* */
#include <pthread.h>

int main(int argc, char** argv)
{
  (void)argv;
#ifndef pthread_create
  return ((int*)(&pthread_create))[argc];
#else
  (void)argc;
  return 0;
#endif
}

Determining if the function pthread_create exists in the pthreads failed with the following output:
Change Dir: /home/jacob/Documents/kraken/bin/CMakeFiles/CMakeTmp

Run Build Command:"/usr/bin/make" "cmTC_93c8b/fast"
/usr/bin/make -f CMakeFiles/cmTC_93c8b.dir/build.make CMakeFiles/cmTC_93c8b.dir/build
make[1]: Entering directory '/home/jacob/Documents/kraken/bin/CMakeFiles/CMakeTmp'
Building C object CMakeFiles/cmTC_93c8b.dir/CheckFunctionExists.c.o
/usr/bin/cc   -DCHECK_FUNCTION_EXISTS=pthread_create   -o CMakeFiles/cmTC_93c8b.dir/CheckFunctionExists.c.o   -c /usr/share/cmake-3.9/Modules/CheckFunctionExists.c
Linking C executable cmTC_93c8b
/usr/bin/cmake -E cmake_link_script CMakeFiles/cmTC_93c8b.dir/link.txt --verbose=1
/usr/bin/cc  -DCHECK_FUNCTION_EXISTS=pthread_create    -rdynamic CMakeFiles/cmTC_93c8b.dir/CheckFunctionExists.c.o  -o cmTC_93c8b -lpthreads 
/usr/bin/ld: cannot find -lpthreads
collect2: error: ld returned 1 exit status
CMakeFiles/cmTC_93c8b.dir/build.make:97: recipe for target 'cmTC_93c8b' failed
make[1]: *** [cmTC_93c8b] Error 1
make[1]: Leaving directory '/home/jacob/Documents/kraken/bin/CMakeFiles/CMakeTmp'
Makefile:126: recipe for target 'cmTC_93c8b/fast' failed
make: *** [cmTC_93c8b/fast] Error 2


